<?xml version="1.0" encoding="UTF-8"?>
<!-- Generated by org.testng.reporters.JUnitReportReporter -->
<testsuite hostname="LAPTOP-PBJUA5KP" failures="0" tests="1" name="practise.Class1" time="0.006" errors="0" timestamp="2023-12-01T16:47:55 IST" skipped="0">
  <testcase classname="practise.Class1" name="demo1" time="0.006"/>
  <system-out/>
</testsuite> <!-- practise.Class1 -->
