<?xml version="1.0" encoding="UTF-8"?>
<!-- Generated by org.testng.reporters.JUnitReportReporter -->
<testsuite hostname="LAPTOP-PBJUA5KP" failures="0" tests="4" name="practise.AttributesTest" time="0.014" errors="0" timestamp="2023-12-01T17:09:09 IST" skipped="0">
  <testcase classname="practise.AttributesTest" name="logoutw" time="0.001"/>
  <system-out/>
  <testcase classname="practise.AttributesTest" name="logout1" time="0.001"/>
  <system-out/>
  <testcase classname="practise.AttributesTest" name="login" time="0.010"/>
  <system-out/>
  <testcase classname="practise.AttributesTest" name="test1" time="0.002"/>
  <system-out/>
</testsuite> <!-- practise.AttributesTest -->
