<?xml version="1.0" encoding="UTF-8"?>
<!-- Generated by org.testng.reporters.JUnitReportReporter -->
<testsuite hostname="LAPTOP-PBJUA5KP" failures="0" tests="4" name="excelDataProvider.DataProviderTest" time="0.009" errors="0" timestamp="2023-12-03T22:20:51 IST" skipped="0">
  <testcase classname="excelDataProvider.DataProviderTest" name="test" time="0.001"/>
  <system-out/>
  <testcase classname="excelDataProvider.DataProviderTest" name="test" time="0.002"/>
  <system-out/>
  <testcase classname="excelDataProvider.DataProviderTest" name="test" time="0.005"/>
  <system-out/>
  <testcase classname="excelDataProvider.DataProviderTest" name="test" time="0.001"/>
  <system-out/>
</testsuite> <!-- excelDataProvider.DataProviderTest -->
