<?xml version="1.0" encoding="UTF-8"?>
<!-- Generated by org.testng.reporters.JUnitReportReporter -->
<testsuite hostname="LAPTOP-PBJUA5KP" failures="0" tests="2" name="repractise.ClassTest3" time="0.008" errors="0" timestamp="2023-12-01T18:02:11 IST" skipped="0">
  <testcase classname="repractise.ClassTest3" name="classtest3_3" time="0.006"/>
  <system-out/>
  <testcase classname="repractise.ClassTest3" name="classtest3_3" time="0.002"/>
  <system-out/>
</testsuite> <!-- repractise.ClassTest3 -->
