<?xml version="1.0" encoding="UTF-8"?>
<!-- Generated by org.testng.reporters.JUnitReportReporter -->
<testsuite hostname="LAPTOP-PBJUA5KP" failures="0" tests="2" name="repractise.ClassTest2" time="0.004" errors="0" timestamp="2023-12-01T18:02:11 IST" skipped="0">
  <testcase classname="repractise.ClassTest2" name="classtest2_2" time="0.002"/>
  <system-out/>
  <testcase classname="repractise.ClassTest2" name="classtest2_1" time="0.002"/>
  <system-out/>
</testsuite> <!-- repractise.ClassTest2 -->
