<?xml version="1.0" encoding="UTF-8"?>
<!-- Generated by org.testng.reporters.JUnitReportReporter -->
<testsuite hostname="LAPTOP-PBJUA5KP" failures="0" tests="2" name="practise.Class2" time="0.002" errors="0" timestamp="2023-12-01T16:47:54 IST" skipped="1">
  <testcase classname="practise.Class2" name="demoTest1" time="0.002"/>
  <system-out/>
  <testcase classname="practise.Class2" name="demoTest2">
    <skipped/>
  </testcase> <!-- demoTest2 -->
  <system-out/>
</testsuite> <!-- practise.Class2 -->
